                                  QUERY PLAN                                   
-------------------------------------------------------------------------------
 Hash Full Join  (cost=3670.00..272350.81 rows=9997204 width=26)
   Hash Cond: (p.custid = c.custid)
   ->  Seq Scan on purchase p  (cost=0.00..163649.04 rows=9997204 width=4)
   ->  Hash  (cost=1736.00..1736.00 rows=100000 width=26)
         ->  Seq Scan on customer c  (cost=0.00..1736.00 rows=100000 width=26)
(5 rows)

