 

                                                         QUERY PLAN                                                          
-----------------------------------------------------------------------------------------------------------------------------
 Gather Merge  (cost=749401.92..1721420.25 rows=8331004 width=22)
   Workers Planned: 2
   ->  Sort  (cost=748401.90..758815.65 rows=4165502 width=22)
         Sort Key: p.whenp
         ->  Parallel Hash Join  (cost=3280.80..119547.72 rows=4165502 width=22)
               Hash Cond: (p.custid = customer.custid)
               ->  Parallel Seq Scan on purchase p  (cost=0.00..105332.02 rows=4165502 width=22)
               ->  Parallel Hash  (cost=2759.96..2759.96 rows=41667 width=4)
                     ->  Parallel Index Only Scan using stl_customer_pk on customer  (cost=0.29..2759.96 rows=41667 width=4)
(9 rows)



